TN:
SF:api/modules/Auth/controllers/AuthController.js
FN:3,module.exports
FN:6,controller.getToken
FNF:2
FNH:2
FNDA:2,module.exports
FNDA:1,controller.getToken
DA:1,1
DA:2,1
DA:3,1
DA:4,1
DA:5,1
DA:6,1
DA:7,1
DA:8,1
DA:9,1
DA:10,0
DA:11,1
DA:12,1
DA:13,1
LF:13
LH:12
BRDA:13,0,0,2
BRDA:3,1,0,2
BRDA:6,2,0,1
BRDA:9,3,0,0
BRF:4
BRH:3
end_of_record
TN:
SF:api/modules/Auth/routes/AuthRoutes.js
FN:3,module.exports
FNF:1
FNH:1
FNDA:2,module.exports
DA:1,1
DA:2,1
DA:3,1
DA:4,1
DA:5,1
DA:6,1
DA:7,1
DA:8,1
DA:9,1
DA:10,1
DA:11,1
LF:11
LH:11
BRDA:11,0,0,2
BRDA:3,1,0,2
BRF:2
BRH:2
end_of_record
TN:
SF:api/modules/Auth/services/AuthService.js
FN:10,AuthServe
FNF:1
FNH:1
FNDA:2,AuthServe
DA:1,1
DA:2,1
DA:3,1
DA:4,1
DA:5,1
DA:6,1
DA:7,1
DA:8,1
DA:9,1
DA:10,1
DA:11,1
DA:12,1
DA:13,1
DA:14,1
DA:15,1
LF:15
LH:15
BRDA:15,0,0,3
BRDA:10,1,0,2
BRF:2
BRH:2
end_of_record
TN:
SF:api/modules/CustomerCep/controllers/CustomerCepController.js
FN:3,module.exports
FN:6,controller.listCep
FNF:2
FNH:2
FNDA:2,module.exports
FNDA:3,controller.listCep
DA:1,1
DA:2,1
DA:3,1
DA:4,1
DA:5,1
DA:6,1
DA:7,3
DA:8,3
DA:9,3
DA:10,3
DA:11,3
DA:12,1
DA:13,1
DA:14,3
DA:15,0
DA:16,1
DA:17,1
DA:18,1
LF:18
LH:17
BRDA:18,0,0,2
BRDA:3,1,0,2
BRDA:6,2,0,3
BRDA:11,3,0,1
BRDA:13,4,0,2
BRDA:14,5,0,0
BRF:6
BRH:5
end_of_record
TN:
SF:api/modules/CustomerCep/routes/CustomerCepRoutes.js
FN:5,module.exports
FNF:1
FNH:1
FNDA:2,module.exports
DA:1,1
DA:2,1
DA:3,1
DA:4,1
DA:5,1
DA:6,1
DA:7,1
DA:8,1
DA:9,1
DA:10,1
DA:11,1
DA:12,1
DA:13,1
DA:14,1
DA:15,1
LF:15
LH:15
BRDA:15,0,0,2
BRDA:5,1,0,2
BRF:2
BRH:2
end_of_record
TN:
SF:api/modules/CustomerCep/services/CustomerCepService.js
FN:18,BuscaCep
FN:36,replaceAt
FN:49,CustomerCepServer
FNF:3
FNH:3
FNDA:14,BuscaCep
FNDA:10,replaceAt
FNDA:14,CustomerCepServer
DA:1,1
DA:2,1
DA:3,1
DA:4,1
DA:5,1
DA:6,1
DA:7,1
DA:8,1
DA:9,1
DA:10,1
DA:11,1
DA:12,1
DA:13,1
DA:14,1
DA:15,1
DA:16,1
DA:17,1
DA:18,1
DA:19,1
DA:20,1
DA:21,1
DA:22,1
DA:23,1
DA:24,1
DA:25,1
DA:26,1
DA:27,1
DA:28,1
DA:29,1
DA:30,1
DA:31,1
DA:32,1
DA:33,1
DA:34,1
DA:35,1
DA:36,1
DA:37,1
DA:38,0
DA:39,0
DA:40,1
DA:41,1
DA:42,1
DA:43,1
DA:44,1
DA:45,1
DA:46,1
DA:47,1
DA:48,1
DA:49,1
DA:50,1
DA:51,1
DA:52,1
DA:53,10
DA:54,10
DA:55,10
DA:56,10
DA:57,1
DA:58,1
DA:59,1
DA:60,1
LF:60
LH:58
BRDA:60,0,0,3
BRDA:18,1,0,14
BRDA:36,2,0,10
BRDA:37,3,0,0
BRDA:49,4,0,14
BRDA:52,5,0,11
BRDA:52,6,0,10
BRDA:56,7,0,4
BRF:8
BRH:7
end_of_record
